  [1m[35m (1057.6ms)[0m  [1m[35mCREATE DATABASE "tiendaApp_development" ENCODING = 'unicode'[0m
  [1m[35m (1010.4ms)[0m  [1m[35mCREATE DATABASE "tiendaApp_test" ENCODING = 'unicode'[0m
Started GET "/" for 127.0.0.1 at 2023-07-11 18:09:54 -0300
Processing by Rails::WelcomeController#index as HTML
  Rendering /home/steel/.rvm/gems/ruby-3.1.2/gems/railties-7.0.6/lib/rails/templates/rails/welcome/index.html.erb
  Rendered /home/steel/.rvm/gems/ruby-3.1.2/gems/railties-7.0.6/lib/rails/templates/rails/welcome/index.html.erb (Duration: 3.6ms | Allocations: 637)
Completed 200 OK in 41ms (Views: 13.3ms | ActiveRecord: 0.0ms | Allocations: 6878)


Started GET "/" for 127.0.0.1 at 2023-07-11 18:23:03 -0300
Processing by Rails::WelcomeController#index as HTML
  Rendering /home/steel/.rvm/gems/ruby-3.1.2/gems/railties-7.0.6/lib/rails/templates/rails/welcome/index.html.erb
  Rendered /home/steel/.rvm/gems/ruby-3.1.2/gems/railties-7.0.6/lib/rails/templates/rails/welcome/index.html.erb (Duration: 1.4ms | Allocations: 529)
Completed 200 OK in 14ms (Views: 5.1ms | ActiveRecord: 0.0ms | Allocations: 4325)


Started GET "/products" for 127.0.0.1 at 2023-07-11 18:23:10 -0300
Processing by ProductsController#index as HTML
  Rendering products/index.html.erb
  Rendered products/index.html.erb (Duration: 0.9ms | Allocations: 125)
Completed 200 OK in 9ms (Views: 3.5ms | ActiveRecord: 0.0ms | Allocations: 1900)


Started GET "/favicon.ico" for 127.0.0.1 at 2023-07-11 18:23:10 -0300
  
ActionController::RoutingError (No route matches [GET] "/favicon.ico"):
  
Started GET "/products" for 127.0.0.1 at 2023-07-11 18:24:22 -0300
Processing by ProductsController#index as HTML
  Rendering products/index.html.erb
  Rendered products/index.html.erb (Duration: 0.7ms | Allocations: 144)
Completed 200 OK in 6ms (Views: 3.9ms | ActiveRecord: 0.0ms | Allocations: 1104)


Started GET "/products" for 127.0.0.1 at 2023-07-11 18:24:59 -0300
Processing by ProductsController#index as HTML
  Rendering products/index.html.erb
  Rendered products/index.html.erb (Duration: 0.9ms | Allocations: 147)
Completed 200 OK in 4ms (Views: 3.3ms | ActiveRecord: 0.0ms | Allocations: 1114)


  [1m[35m (36.7ms)[0m  [1m[35mCREATE TABLE "schema_migrations" ("version" character varying NOT NULL PRIMARY KEY)[0m
  [1m[35m (25.8ms)[0m  [1m[35mCREATE TABLE "ar_internal_metadata" ("key" character varying NOT NULL PRIMARY KEY, "value" character varying, "created_at" timestamp(6) NOT NULL, "updated_at" timestamp(6) NOT NULL)[0m
  [1m[35m (0.6ms)[0m  [1m[34mSELECT pg_try_advisory_lock(2981288710044475215)[0m
  [1m[36mActiveRecord::SchemaMigration Pluck (0.6ms)[0m  [1m[34mSELECT "schema_migrations"."version" FROM "schema_migrations" ORDER BY "schema_migrations"."version" ASC[0m
Migrating to CreateProducts (20230711212701)
  [1m[36mTRANSACTION (0.3ms)[0m  [1m[35mBEGIN[0m
  [1m[35m (29.9ms)[0m  [1m[35mCREATE TABLE "products" ("id" bigserial primary key, "title" character varying, "description" text, "value" integer, "created_at" timestamp(6) NOT NULL, "updated_at" timestamp(6) NOT NULL)[0m
  [1m[36mActiveRecord::SchemaMigration Create (0.6ms)[0m  [1m[32mINSERT INTO "schema_migrations" ("version") VALUES ($1) RETURNING "version"[0m  [["version", "20230711212701"]]
  [1m[36mTRANSACTION (4.9ms)[0m  [1m[35mCOMMIT[0m
  [1m[36mActiveRecord::InternalMetadata Load (0.3ms)[0m  [1m[34mSELECT "ar_internal_metadata".* FROM "ar_internal_metadata" WHERE "ar_internal_metadata"."key" = $1 LIMIT $2[0m  [["key", "environment"], ["LIMIT", 1]]
  [1m[36mTRANSACTION (0.3ms)[0m  [1m[35mBEGIN[0m
  [1m[36mActiveRecord::InternalMetadata Create (0.6ms)[0m  [1m[32mINSERT INTO "ar_internal_metadata" ("key", "value", "created_at", "updated_at") VALUES ($1, $2, $3, $4) RETURNING "key"[0m  [["key", "environment"], ["value", "development"], ["created_at", "2023-07-11 21:39:25.337787"], ["updated_at", "2023-07-11 21:39:25.337787"]]
  [1m[36mTRANSACTION (4.5ms)[0m  [1m[35mCOMMIT[0m
  [1m[35m (0.3ms)[0m  [1m[34mSELECT pg_advisory_unlock(2981288710044475215)[0m
  [1m[36mActiveRecord::SchemaMigration Pluck (0.5ms)[0m  [1m[34mSELECT "schema_migrations"."version" FROM "schema_migrations" ORDER BY "schema_migrations"."version" ASC[0m
  [1m[36mTRANSACTION (0.2ms)[0m  [1m[35mBEGIN[0m
  [1m[36mProduct Create (0.7ms)[0m  [1m[32mINSERT INTO "products" ("title", "description", "value", "created_at", "updated_at") VALUES ($1, $2, $3, $4, $5) RETURNING "id"[0m  [["title", "salame"], ["description", "aumado"], ["value", 199], ["created_at", "2023-07-11 22:14:36.011473"], ["updated_at", "2023-07-11 22:14:36.011473"]]
  [1m[36mTRANSACTION (7.1ms)[0m  [1m[35mCOMMIT[0m
Started GET "/" for 127.0.0.1 at 2023-07-11 19:18:46 -0300
  [1m[36mActiveRecord::SchemaMigration Pluck (0.6ms)[0m  [1m[34mSELECT "schema_migrations"."version" FROM "schema_migrations" ORDER BY "schema_migrations"."version" ASC[0m
Processing by Rails::WelcomeController#index as HTML
  Rendering /home/steel/.rvm/gems/ruby-3.1.2/gems/railties-7.0.6/lib/rails/templates/rails/welcome/index.html.erb
  Rendered /home/steel/.rvm/gems/ruby-3.1.2/gems/railties-7.0.6/lib/rails/templates/rails/welcome/index.html.erb (Duration: 1.0ms | Allocations: 529)
Completed 200 OK in 12ms (Views: 3.0ms | ActiveRecord: 0.0ms | Allocations: 4319)


Started GET "/products" for 127.0.0.1 at 2023-07-11 19:19:00 -0300
Processing by ProductsController#index as HTML
  Rendering products/index.html.erb
  Rendered products/index.html.erb (Duration: 0.7ms | Allocations: 175)
Completed 200 OK in 7ms (Views: 2.5ms | ActiveRecord: 0.0ms | Allocations: 2261)


Started GET "/products" for 127.0.0.1 at 2023-07-11 19:20:37 -0300
Processing by ProductsController#index as HTML
  Rendering products/index.html.erb
  [1m[36mProduct Load (0.4ms)[0m  [1m[34mSELECT "products".* FROM "products"[0m
  ↳ app/views/products/index.html.erb:5
  Rendered products/index.html.erb (Duration: 22.0ms | Allocations: 7437)
Completed 200 OK in 25ms (Views: 18.8ms | ActiveRecord: 5.0ms | Allocations: 8442)


Started GET "/products" for 127.0.0.1 at 2023-07-11 19:21:54 -0300
Processing by ProductsController#index as HTML
  Rendering products/index.html.erb
  [1m[36mProduct Load (0.3ms)[0m  [1m[34mSELECT "products".* FROM "products"[0m
  ↳ app/views/products/index.html.erb:5
  Rendered products/index.html.erb (Duration: 2.7ms | Allocations: 940)
Completed 200 OK in 5ms (Views: 3.7ms | ActiveRecord: 0.3ms | Allocations: 1920)


Started GET "/products" for 127.0.0.1 at 2023-07-11 19:21:56 -0300
Processing by ProductsController#index as HTML
  Rendering products/index.html.erb
  [1m[36mProduct Load (0.3ms)[0m  [1m[34mSELECT "products".* FROM "products"[0m
  ↳ app/views/products/index.html.erb:5
  Rendered products/index.html.erb (Duration: 10.5ms | Allocations: 632)
Completed 200 OK in 11ms (Views: 10.7ms | ActiveRecord: 0.3ms | Allocations: 944)


Started GET "/products" for 127.0.0.1 at 2023-07-11 19:21:57 -0300
Processing by ProductsController#index as HTML
  Rendering products/index.html.erb
  [1m[36mProduct Load (0.3ms)[0m  [1m[34mSELECT "products".* FROM "products"[0m
  ↳ app/views/products/index.html.erb:5
  Rendered products/index.html.erb (Duration: 2.1ms | Allocations: 632)
Completed 200 OK in 4ms (Views: 3.2ms | ActiveRecord: 0.3ms | Allocations: 925)


Started GET "/products" for 127.0.0.1 at 2023-07-11 19:21:57 -0300
Processing by ProductsController#index as HTML
  Rendering products/index.html.erb
  [1m[36mProduct Load (0.3ms)[0m  [1m[34mSELECT "products".* FROM "products"[0m
  ↳ app/views/products/index.html.erb:5
  Rendered products/index.html.erb (Duration: 1.8ms | Allocations: 623)
Completed 200 OK in 3ms (Views: 2.1ms | ActiveRecord: 0.3ms | Allocations: 906)


Started GET "/products" for 127.0.0.1 at 2023-07-11 19:21:57 -0300
Processing by ProductsController#index as HTML
  Rendering products/index.html.erb
  [1m[36mProduct Load (0.2ms)[0m  [1m[34mSELECT "products".* FROM "products"[0m
  ↳ app/views/products/index.html.erb:5
  Rendered products/index.html.erb (Duration: 1.5ms | Allocations: 623)
Completed 200 OK in 2ms (Views: 1.7ms | ActiveRecord: 0.2ms | Allocations: 907)


Started GET "/products" for 127.0.0.1 at 2023-07-11 19:21:57 -0300
Processing by ProductsController#index as HTML
  Rendering products/index.html.erb
  [1m[36mProduct Load (0.3ms)[0m  [1m[34mSELECT "products".* FROM "products"[0m
  ↳ app/views/products/index.html.erb:5
  Rendered products/index.html.erb (Duration: 1.5ms | Allocations: 623)
Completed 200 OK in 2ms (Views: 1.7ms | ActiveRecord: 0.3ms | Allocations: 906)


Started GET "/products" for 127.0.0.1 at 2023-07-11 19:22:11 -0300
Processing by ProductsController#index as HTML
  Rendering products/index.html.erb
  [1m[36mProduct Load (0.3ms)[0m  [1m[34mSELECT "products".* FROM "products"[0m
  ↳ app/views/products/index.html.erb:5
  Rendered products/index.html.erb (Duration: 2.4ms | Allocations: 947)
Completed 200 OK in 6ms (Views: 3.7ms | ActiveRecord: 0.3ms | Allocations: 1892)


Started GET "/products" for 127.0.0.1 at 2023-07-11 19:22:12 -0300
Processing by ProductsController#index as HTML
  Rendering products/index.html.erb
  [1m[36mProduct Load (0.3ms)[0m  [1m[34mSELECT "products".* FROM "products"[0m
  ↳ app/views/products/index.html.erb:5
  Rendered products/index.html.erb (Duration: 2.8ms | Allocations: 634)
Completed 200 OK in 4ms (Views: 3.1ms | ActiveRecord: 0.3ms | Allocations: 956)


Started GET "/products" for 127.0.0.1 at 2023-07-11 19:22:12 -0300
Processing by ProductsController#index as HTML
  Rendering products/index.html.erb
  [1m[36mProduct Load (0.3ms)[0m  [1m[34mSELECT "products".* FROM "products"[0m
  ↳ app/views/products/index.html.erb:5
  Rendered products/index.html.erb (Duration: 2.0ms | Allocations: 623)
Completed 200 OK in 3ms (Views: 2.4ms | ActiveRecord: 0.3ms | Allocations: 906)


Started GET "/products" for 127.0.0.1 at 2023-07-11 19:22:13 -0300
Processing by ProductsController#index as HTML
  Rendering products/index.html.erb
  [1m[36mProduct Load (0.3ms)[0m  [1m[34mSELECT "products".* FROM "products"[0m
  ↳ app/views/products/index.html.erb:5
  Rendered products/index.html.erb (Duration: 1.7ms | Allocations: 623)
Completed 200 OK in 2ms (Views: 1.9ms | ActiveRecord: 0.3ms | Allocations: 906)


Started GET "/products" for 127.0.0.1 at 2023-07-11 19:22:48 -0300
Processing by ProductsController#index as HTML
  Rendering products/index.html.erb
  [1m[36mProduct Load (0.3ms)[0m  [1m[34mSELECT "products".* FROM "products"[0m
  ↳ app/views/products/index.html.erb:5
  Rendered products/index.html.erb (Duration: 2.1ms | Allocations: 964)
Completed 200 OK in 6ms (Views: 4.4ms | ActiveRecord: 0.3ms | Allocations: 1942)


Started GET "/products" for 127.0.0.1 at 2023-07-11 19:23:01 -0300
Processing by ProductsController#index as HTML
  Rendering products/index.html.erb
  [1m[36mProduct Load (0.3ms)[0m  [1m[34mSELECT "products".* FROM "products"[0m
  ↳ app/views/products/index.html.erb:4
  Rendered products/index.html.erb (Duration: 2.2ms | Allocations: 938)
Completed 200 OK in 4ms (Views: 3.2ms | ActiveRecord: 0.3ms | Allocations: 1912)


Started GET "/products" for 127.0.0.1 at 2023-07-11 19:24:13 -0300
Processing by ProductsController#index as HTML
  Rendering products/index.html.erb
  Rendered products/index.html.erb (Duration: 0.4ms | Allocations: 125)
Completed 200 OK in 2ms (Views: 1.6ms | ActiveRecord: 0.0ms | Allocations: 1108)


Started GET "/products" for 127.0.0.1 at 2023-07-11 19:24:18 -0300
Processing by ProductsController#index as HTML
  Rendering products/index.html.erb
  [1m[36mProduct Load (0.4ms)[0m  [1m[34mSELECT "products".* FROM "products"[0m
  ↳ app/views/products/index.html.erb:4
  Rendered products/index.html.erb (Duration: 3.4ms | Allocations: 944)
Completed 200 OK in 6ms (Views: 5.0ms | ActiveRecord: 0.4ms | Allocations: 1914)


Started GET "/products" for 127.0.0.1 at 2023-07-11 19:24:36 -0300
Processing by ProductsController#index as HTML
  Rendering products/index.html.erb
  [1m[36mProduct Load (0.3ms)[0m  [1m[34mSELECT "products".* FROM "products"[0m
  ↳ app/views/products/index.html.erb:4
  Rendered products/index.html.erb (Duration: 2.6ms | Allocations: 941)
Completed 200 OK in 6ms (Views: 4.5ms | ActiveRecord: 0.3ms | Allocations: 1911)


Started GET "/products" for 127.0.0.1 at 2023-07-11 19:24:50 -0300
Processing by ProductsController#index as HTML
  Rendering products/index.html.erb
  [1m[36mProduct Load (0.5ms)[0m  [1m[34mSELECT "products".* FROM "products"[0m
  ↳ app/views/products/index.html.erb:4
  Rendered products/index.html.erb (Duration: 3.1ms | Allocations: 939)
Completed 200 OK in 7ms (Views: 5.0ms | ActiveRecord: 0.5ms | Allocations: 1922)


Started GET "/products" for 127.0.0.1 at 2023-07-11 19:24:50 -0300
Processing by ProductsController#index as HTML
  Rendering products/index.html.erb
  [1m[36mProduct Load (0.3ms)[0m  [1m[34mSELECT "products".* FROM "products"[0m
  ↳ app/views/products/index.html.erb:4
  Rendered products/index.html.erb (Duration: 1.8ms | Allocations: 622)
Completed 200 OK in 3ms (Views: 2.3ms | ActiveRecord: 0.3ms | Allocations: 933)


Started GET "/products" for 127.0.0.1 at 2023-07-11 19:24:50 -0300
Processing by ProductsController#index as HTML
  Rendering products/index.html.erb
  [1m[36mProduct Load (0.3ms)[0m  [1m[34mSELECT "products".* FROM "products"[0m
  ↳ app/views/products/index.html.erb:4
  Rendered products/index.html.erb (Duration: 1.7ms | Allocations: 622)
Completed 200 OK in 3ms (Views: 1.9ms | ActiveRecord: 0.3ms | Allocations: 905)


Started GET "/products" for 127.0.0.1 at 2023-07-11 19:24:56 -0300
Processing by ProductsController#index as HTML
  Rendering products/index.html.erb
  Rendered products/index.html.erb (Duration: 9.4ms | Allocations: 2495)
Completed 500 Internal Server Error in 13ms (ActiveRecord: 0.0ms | Allocations: 3447)


  
ActionView::SyntaxErrorInTemplate (Encountered a syntax error while rendering template: check <h1>Productos</h1>


  <%= @products.each do |product| %>
  <div>
    <h2> <%= product.title %>  </h2>
    <span> <%= product.value %> $ </span>
  </div>
  <%= end %>

):
1:    <h1>Productos</h1>
2:    
3:    
4:      <%= @products.each do |product| %>
5:      <div>
6:        <h2> <%= product.title %>  </h2>
7:        <span> <%= product.value %> $ </span>
8:      </div>
9:      <%= end %>
  
app/views/products/index.html.erb:9: syntax error, unexpected `end'
app/views/products/index.html.erb:12: syntax error, unexpected `end', expecting ')'
app/views/products/index.html.erb:9: syntax error, unexpected `end'
app/views/products/index.html.erb:12: syntax error, unexpected `end', expecting ')'
app/views/products/index.html.erb:9: syntax error, unexpected `end'
app/views/products/index.html.erb:12: syntax error, unexpected `end', expecting ')'
app/views/products/index.html.erb:9: syntax error, unexpected `end'
app/views/products/index.html.erb:12: syntax error, unexpected `end', expecting ')'
Started GET "/products" for 127.0.0.1 at 2023-07-11 19:24:56 -0300
Processing by ProductsController#index as HTML
  Rendering products/index.html.erb
  Rendered products/index.html.erb (Duration: 0.5ms | Allocations: 247)
Completed 500 Internal Server Error in 1ms (ActiveRecord: 0.0ms | Allocations: 549)


  
ActionView::SyntaxErrorInTemplate (Encountered a syntax error while rendering template: check <h1>Productos</h1>


  <%= @products.each do |product| %>
  <div>
    <h2> <%= product.title %>  </h2>
    <span> <%= product.value %> $ </span>
  </div>
  <%= end %>

):
1:    <h1>Productos</h1>
2:    
3:    
4:      <%= @products.each do |product| %>
5:      <div>
6:        <h2> <%= product.title %>  </h2>
7:        <span> <%= product.value %> $ </span>
8:      </div>
9:      <%= end %>
  
app/views/products/index.html.erb:9: syntax error, unexpected `end'
app/views/products/index.html.erb:12: syntax error, unexpected `end', expecting ')'
app/views/products/index.html.erb:9: syntax error, unexpected `end'
app/views/products/index.html.erb:12: syntax error, unexpected `end', expecting ')'
app/views/products/index.html.erb:9: syntax error, unexpected `end'
app/views/products/index.html.erb:12: syntax error, unexpected `end', expecting ')'
app/views/products/index.html.erb:9: syntax error, unexpected `end'
app/views/products/index.html.erb:12: syntax error, unexpected `end', expecting ')'
Started GET "/products" for 127.0.0.1 at 2023-07-11 19:25:06 -0300
Processing by ProductsController#index as HTML
  Rendering products/index.html.erb
  [1m[36mProduct Load (0.3ms)[0m  [1m[34mSELECT "products".* FROM "products"[0m
  ↳ app/views/products/index.html.erb:4
  Rendered products/index.html.erb (Duration: 3.2ms | Allocations: 936)
Completed 200 OK in 6ms (Views: 5.1ms | ActiveRecord: 0.3ms | Allocations: 1859)


Started GET "/products" for 127.0.0.1 at 2023-07-11 19:25:49 -0300
Processing by ProductsController#index as HTML
  Rendering products/index.html.erb
  [1m[36mProduct Load (0.3ms)[0m  [1m[34mSELECT "products".* FROM "products"[0m
  ↳ app/views/products/index.html.erb:4
  Rendered products/index.html.erb (Duration: 2.3ms | Allocations: 954)
Completed 200 OK in 6ms (Views: 4.2ms | ActiveRecord: 0.3ms | Allocations: 1924)


Started GET "/products" for 127.0.0.1 at 2023-07-11 19:26:23 -0300
Processing by ProductsController#index as HTML
  Rendering products/index.html.erb
  [1m[36mProduct Load (0.5ms)[0m  [1m[34mSELECT "products".* FROM "products"[0m
  ↳ app/views/products/index.html.erb:4
  Rendered products/index.html.erb (Duration: 3.8ms | Allocations: 963)
Completed 200 OK in 9ms (Views: 6.7ms | ActiveRecord: 0.5ms | Allocations: 1933)


Started GET "/products" for 127.0.0.1 at 2023-07-11 19:26:47 -0300
Processing by ProductsController#index as HTML
  Rendering products/index.html.erb
  [1m[36mProduct Load (0.3ms)[0m  [1m[34mSELECT "products".* FROM "products"[0m
  ↳ app/views/products/index.html.erb:4
  Rendered products/index.html.erb (Duration: 2.9ms | Allocations: 964)
Completed 200 OK in 6ms (Views: 4.2ms | ActiveRecord: 0.3ms | Allocations: 1934)


Started GET "/products" for 127.0.0.1 at 2023-07-11 19:28:35 -0300
Processing by ProductsController#index as HTML
  Rendering products/index.html.erb
  [1m[36mProduct Load (1.3ms)[0m  [1m[34mSELECT "products".* FROM "products"[0m
  ↳ app/views/products/index.html.erb:4
  Rendered products/index.html.erb (Duration: 5.5ms | Allocations: 634)
Completed 200 OK in 7ms (Views: 5.4ms | ActiveRecord: 1.3ms | Allocations: 957)


Started GET "/products" for 127.0.0.1 at 2023-07-11 19:30:50 -0300
Processing by ProductsController#index as HTML
  Rendering products/index.html.erb
  [1m[36mProduct Load (0.3ms)[0m  [1m[34mSELECT "products".* FROM "products"[0m
  ↳ app/views/products/index.html.erb:4
  Rendered products/index.html.erb (Duration: 3.2ms | Allocations: 961)
Completed 200 OK in 6ms (Views: 4.5ms | ActiveRecord: 0.3ms | Allocations: 1903)


Started GET "/products" for 127.0.0.1 at 2023-07-11 19:30:55 -0300
Processing by ProductsController#index as HTML
  Rendering products/index.html.erb
  [1m[36mProduct Load (0.4ms)[0m  [1m[34mSELECT "products".* FROM "products"[0m
  ↳ app/views/products/index.html.erb:4
  Rendered products/index.html.erb (Duration: 2.6ms | Allocations: 906)
Completed 200 OK in 6ms (Views: 4.6ms | ActiveRecord: 0.4ms | Allocations: 1876)


Started GET "/products" for 127.0.0.1 at 2023-07-11 19:31:06 -0300
Processing by ProductsController#index as HTML
  Rendering products/index.html.erb
  Rendered products/index.html.erb (Duration: 0.5ms | Allocations: 128)
Completed 200 OK in 3ms (Views: 2.4ms | ActiveRecord: 0.0ms | Allocations: 1111)


Started GET "/products" for 127.0.0.1 at 2023-07-11 19:32:12 -0300
Processing by ProductsController#index as HTML
  Rendering products/index.html.erb
  [1m[36mProduct Load (0.3ms)[0m  [1m[34mSELECT "products".* FROM "products"[0m
  ↳ app/views/products/index.html.erb:4
  Rendered products/index.html.erb (Duration: 2.9ms | Allocations: 960)
Completed 200 OK in 7ms (Views: 4.7ms | ActiveRecord: 0.3ms | Allocations: 1930)


Started GET "/products" for 127.0.0.1 at 2023-07-11 19:35:43 -0300
Processing by ProductsController#index as HTML
  Rendering products/index.html.erb
  [1m[36mProduct Load (0.3ms)[0m  [1m[34mSELECT "products".* FROM "products"[0m
  ↳ app/views/products/index.html.erb:4
  Rendered products/index.html.erb (Duration: 3.1ms | Allocations: 877)
Completed 200 OK in 5ms (Views: 4.1ms | ActiveRecord: 0.3ms | Allocations: 1847)


Started GET "/products/1" for 127.0.0.1 at 2023-07-11 19:53:13 -0300
  
AbstractController::ActionNotFound (The action 'show' could not be found for ProductsController):
  
actionpack (7.0.6) lib/abstract_controller/base.rb:146:in `process'
actionview (7.0.6) lib/action_view/rendering.rb:39:in `process'
actionpack (7.0.6) lib/action_controller/metal.rb:188:in `dispatch'
actionpack (7.0.6) lib/action_controller/metal.rb:251:in `dispatch'
actionpack (7.0.6) lib/action_dispatch/routing/route_set.rb:49:in `dispatch'
actionpack (7.0.6) lib/action_dispatch/routing/route_set.rb:32:in `serve'
actionpack (7.0.6) lib/action_dispatch/journey/router.rb:50:in `block in serve'
actionpack (7.0.6) lib/action_dispatch/journey/router.rb:32:in `each'
actionpack (7.0.6) lib/action_dispatch/journey/router.rb:32:in `serve'
actionpack (7.0.6) lib/action_dispatch/routing/route_set.rb:852:in `call'
rack (2.2.7) lib/rack/etag.rb:27:in `call'
rack (2.2.7) lib/rack/conditional_get.rb:27:in `call'
rack (2.2.7) lib/rack/head.rb:12:in `call'
activerecord (7.0.6) lib/active_record/migration.rb:603:in `call'
actionpack (7.0.6) lib/action_dispatch/middleware/callbacks.rb:27:in `block in call'
activesupport (7.0.6) lib/active_support/callbacks.rb:99:in `run_callbacks'
actionpack (7.0.6) lib/action_dispatch/middleware/callbacks.rb:26:in `call'
actionpack (7.0.6) lib/action_dispatch/middleware/executor.rb:14:in `call'
actionpack (7.0.6) lib/action_dispatch/middleware/actionable_exceptions.rb:17:in `call'
actionpack (7.0.6) lib/action_dispatch/middleware/debug_exceptions.rb:28:in `call'
actionpack (7.0.6) lib/action_dispatch/middleware/show_exceptions.rb:29:in `call'
railties (7.0.6) lib/rails/rack/logger.rb:40:in `call_app'
railties (7.0.6) lib/rails/rack/logger.rb:25:in `block in call'
activesupport (7.0.6) lib/active_support/tagged_logging.rb:99:in `block in tagged'
activesupport (7.0.6) lib/active_support/tagged_logging.rb:37:in `tagged'
activesupport (7.0.6) lib/active_support/tagged_logging.rb:99:in `tagged'
railties (7.0.6) lib/rails/rack/logger.rb:25:in `call'
actionpack (7.0.6) lib/action_dispatch/middleware/remote_ip.rb:93:in `call'
actionpack (7.0.6) lib/action_dispatch/middleware/request_id.rb:26:in `call'
rack (2.2.7) lib/rack/runtime.rb:22:in `call'
activesupport (7.0.6) lib/active_support/cache/strategy/local_cache_middleware.rb:29:in `call'
actionpack (7.0.6) lib/action_dispatch/middleware/server_timing.rb:61:in `block in call'
actionpack (7.0.6) lib/action_dispatch/middleware/server_timing.rb:26:in `collect_events'
actionpack (7.0.6) lib/action_dispatch/middleware/server_timing.rb:60:in `call'
actionpack (7.0.6) lib/action_dispatch/middleware/executor.rb:14:in `call'
actionpack (7.0.6) lib/action_dispatch/middleware/static.rb:23:in `call'
rack (2.2.7) lib/rack/sendfile.rb:110:in `call'
actionpack (7.0.6) lib/action_dispatch/middleware/host_authorization.rb:137:in `call'
railties (7.0.6) lib/rails/engine.rb:530:in `call'
puma (5.6.6) lib/puma/configuration.rb:252:in `call'
puma (5.6.6) lib/puma/request.rb:77:in `block in handle_request'
puma (5.6.6) lib/puma/thread_pool.rb:340:in `with_force_shutdown'
puma (5.6.6) lib/puma/request.rb:76:in `handle_request'
puma (5.6.6) lib/puma/server.rb:443:in `process_client'
puma (5.6.6) lib/puma/thread_pool.rb:147:in `block in spawn_thread'
Started GET "/products/1" for 127.0.0.1 at 2023-07-11 19:56:45 -0300
Processing by ProductsController#show as HTML
  Parameters: {"id"=>"1"}
Completed 500 Internal Server Error in 5ms (Allocations: 4358)


  
NoMethodError (undefined method `id' for Product:Class
Did you mean?  ids):
  
app/controllers/products_controller.rb:6:in `show'
Started GET "/products/1" for 127.0.0.1 at 2023-07-11 19:58:16 -0300
Processing by ProductsController#show as HTML
  Parameters: {"id"=>"1"}
  [1m[36mProduct Load (0.3ms)[0m  [1m[34mSELECT "products".* FROM "products" WHERE "products"."id" = $1 LIMIT $2[0m  [["id", 1], ["LIMIT", 1]]
  ↳ app/controllers/products_controller.rb:6:in `show'
  Rendering products/show.html.erb
  Rendered products/show.html.erb (Duration: 4.0ms | Allocations: 4564)
Completed 500 Internal Server Error in 23ms (ActiveRecord: 6.3ms | Allocations: 12171)


  
ActionView::Template::Error (undefined method `each' for #<Product id: 1, title: "salame", description: "aumado", value: 199, created_at: "2023-07-11 22:14:36.011473000 +0000", updated_at: "2023-07-11 22:14:36.011473000 +0000">):
    1: <% @products.each do |product| %>
    2:   <h2><%product.title %></h2>
    3: <% end %>
  
app/views/products/show.html.erb:1
Started GET "/products/1" for 127.0.0.1 at 2023-07-11 19:58:44 -0300
Processing by ProductsController#show as HTML
  Parameters: {"id"=>"1"}
  [1m[36mProduct Load (0.3ms)[0m  [1m[34mSELECT "products".* FROM "products" WHERE "products"."id" = $1 LIMIT $2[0m  [["id", 1], ["LIMIT", 1]]
  ↳ app/controllers/products_controller.rb:6:in `show'
  Rendering products/show.html.erb
  Rendered products/show.html.erb (Duration: 0.4ms | Allocations: 148)
Completed 200 OK in 4ms (Views: 1.9ms | ActiveRecord: 0.3ms | Allocations: 1647)


Started GET "/info/routes" for 127.0.0.1 at 2023-07-11 20:06:46 -0300
  
ActionController::RoutingError (No route matches [GET] "/info/routes"):
  
Started GET "/info/routes" for 127.0.0.1 at 2023-07-11 20:08:24 -0300
  
ActionController::RoutingError (No route matches [GET] "/info/routes"):
  
Started GET "/products/1" for 127.0.0.1 at 2023-07-11 20:09:00 -0300
Processing by ProductsController#show as HTML
  Parameters: {"id"=>"1"}
  [1m[36mProduct Load (0.4ms)[0m  [1m[34mSELECT "products".* FROM "products" WHERE "products"."id" = $1 LIMIT $2[0m  [["id", 1], ["LIMIT", 1]]
  ↳ app/controllers/products_controller.rb:6:in `show'
  Rendering products/show.html.erb
  Rendered products/show.html.erb (Duration: 0.5ms | Allocations: 175)
Completed 200 OK in 20ms (Views: 2.4ms | ActiveRecord: 6.3ms | Allocations: 7239)


Started GET "/products" for 127.0.0.1 at 2023-07-11 20:09:26 -0300
Processing by ProductsController#index as HTML
  Rendering products/index.html.erb
  [1m[36mProduct Load (0.3ms)[0m  [1m[34mSELECT "products".* FROM "products"[0m
  ↳ app/views/products/index.html.erb:4
  Rendered products/index.html.erb (Duration: 3.6ms | Allocations: 1115)
Completed 200 OK in 7ms (Views: 5.5ms | ActiveRecord: 0.3ms | Allocations: 2085)


Started GET "/products" for 127.0.0.1 at 2023-07-11 20:09:32 -0300
Processing by ProductsController#index as HTML
  Rendering products/index.html.erb
  [1m[36mProduct Load (0.3ms)[0m  [1m[34mSELECT "products".* FROM "products"[0m
  ↳ app/views/products/index.html.erb:4
  Rendered products/index.html.erb (Duration: 2.2ms | Allocations: 1028)
Completed 200 OK in 6ms (Views: 3.8ms | ActiveRecord: 0.3ms | Allocations: 1998)


Started GET "/products/1" for 127.0.0.1 at 2023-07-11 20:09:33 -0300
Processing by ProductsController#show as HTML
  Parameters: {"id"=>"1"}
  [1m[36mProduct Load (0.3ms)[0m  [1m[34mSELECT "products".* FROM "products" WHERE "products"."id" = $1 LIMIT $2[0m  [["id", 1], ["LIMIT", 1]]
  ↳ app/controllers/products_controller.rb:6:in `show'
  Rendering products/show.html.erb
  Rendered products/show.html.erb (Duration: 0.5ms | Allocations: 133)
Completed 200 OK in 3ms (Views: 1.0ms | ActiveRecord: 0.3ms | Allocations: 1017)


Started GET "/products/2" for 127.0.0.1 at 2023-07-11 20:20:57 -0300
Processing by ProductsController#show as HTML
  Parameters: {"id"=>"2"}
  [1m[36mProduct Load (0.3ms)[0m  [1m[34mSELECT "products".* FROM "products" WHERE "products"."id" = $1 LIMIT $2[0m  [["id", 2], ["LIMIT", 1]]
  ↳ app/controllers/products_controller.rb:6:in `show'
Completed 404 Not Found in 15ms (ActiveRecord: 6.5ms | Allocations: 3597)


  
ActiveRecord::RecordNotFound (Couldn't find Product with 'id'=2):
  
app/controllers/products_controller.rb:6:in `show'
Started GET "/products/2" for 127.0.0.1 at 2023-07-11 20:21:39 -0300
Processing by ProductsController#show as HTML
  Parameters: {"id"=>"2"}
  [1m[36mProduct Load (0.3ms)[0m  [1m[34mSELECT "products".* FROM "products" WHERE "products"."id" = $1 LIMIT $2[0m  [["id", 2], ["LIMIT", 1]]
  ↳ app/controllers/products_controller.rb:6:in `show'
Completed 404 Not Found in 2ms (ActiveRecord: 0.3ms | Allocations: 583)


  
ActiveRecord::RecordNotFound (Couldn't find Product with 'id'=2):
  
app/controllers/products_controller.rb:6:in `show'
Started GET "/products/1" for 127.0.0.1 at 2023-07-11 20:21:42 -0300
Processing by ProductsController#show as HTML
  Parameters: {"id"=>"1"}
  [1m[36mProduct Load (0.5ms)[0m  [1m[34mSELECT "products".* FROM "products" WHERE "products"."id" = $1 LIMIT $2[0m  [["id", 1], ["LIMIT", 1]]
  ↳ app/controllers/products_controller.rb:6:in `show'
  Rendering products/show.html.erb
  Rendered products/show.html.erb (Duration: 0.9ms | Allocations: 185)
Completed 200 OK in 7ms (Views: 3.2ms | ActiveRecord: 0.5ms | Allocations: 1554)


Started GET "/products/1" for 127.0.0.1 at 2023-07-11 20:21:50 -0300
Processing by ProductsController#show as HTML
  Parameters: {"id"=>"1"}
  [1m[36mProduct Load (0.4ms)[0m  [1m[34mSELECT "products".* FROM "products" WHERE "products"."id" = $1 LIMIT $2[0m  [["id", 1], ["LIMIT", 1]]
  ↳ app/controllers/products_controller.rb:6:in `show'
  Rendering products/show.html.erb
  Rendered products/show.html.erb (Duration: 0.1ms | Allocations: 10)
Completed 200 OK in 4ms (Views: 0.6ms | ActiveRecord: 0.4ms | Allocations: 854)


Started GET "/products/1" for 127.0.0.1 at 2023-07-11 20:21:54 -0300
Processing by ProductsController#show as HTML
  Parameters: {"id"=>"1"}
  [1m[36mProduct Load (0.4ms)[0m  [1m[34mSELECT "products".* FROM "products" WHERE "products"."id" = $1 LIMIT $2[0m  [["id", 1], ["LIMIT", 1]]
  ↳ app/controllers/products_controller.rb:6:in `show'
  Rendering products/show.html.erb
  Rendered products/show.html.erb (Duration: 0.4ms | Allocations: 10)
Completed 200 OK in 4ms (Views: 1.5ms | ActiveRecord: 0.4ms | Allocations: 766)


  [1m[36mTRANSACTION (0.3ms)[0m  [1m[35mBEGIN[0m
  [1m[36mProduct Create (0.6ms)[0m  [1m[32mINSERT INTO "products" ("title", "description", "value", "created_at", "updated_at") VALUES ($1, $2, $3, $4, $5) RETURNING "id"[0m  [["title", "jamon aumado"], ["description", "aumado con roble"], ["value", 200], ["created_at", "2023-07-11 23:23:49.116809"], ["updated_at", "2023-07-11 23:23:49.116809"]]
  [1m[36mTRANSACTION (7.3ms)[0m  [1m[35mCOMMIT[0m
  [1m[36mTRANSACTION (0.2ms)[0m  [1m[35mBEGIN[0m
  [1m[36mProduct Create (0.3ms)[0m  [1m[32mINSERT INTO "products" ("title", "description", "value", "created_at", "updated_at") VALUES ($1, $2, $3, $4, $5) RETURNING "id"[0m  [["title", "queso de cabra"], ["description", "chess of goat"], ["value", 200], ["created_at", "2023-07-11 23:24:51.365372"], ["updated_at", "2023-07-11 23:24:51.365372"]]
  [1m[36mTRANSACTION (7.1ms)[0m  [1m[35mCOMMIT[0m
Started GET "/products" for 127.0.0.1 at 2023-07-11 20:25:00 -0300
  [1m[36mActiveRecord::SchemaMigration Pluck (0.5ms)[0m  [1m[34mSELECT "schema_migrations"."version" FROM "schema_migrations" ORDER BY "schema_migrations"."version" ASC[0m
Processing by ProductsController#index as HTML
  Rendering products/index.html.erb
  [1m[36mProduct Load (0.6ms)[0m  [1m[34mSELECT "products".* FROM "products"[0m
  ↳ app/views/products/index.html.erb:4
  Rendered products/index.html.erb (Duration: 13.3ms | Allocations: 6431)
Completed 200 OK in 24ms (Views: 12.7ms | ActiveRecord: 3.3ms | Allocations: 11401)


Started GET "/products/2" for 127.0.0.1 at 2023-07-11 20:25:02 -0300
Processing by ProductsController#show as HTML
  Parameters: {"id"=>"2"}
  [1m[36mProduct Load (0.3ms)[0m  [1m[34mSELECT "products".* FROM "products" WHERE "products"."id" = $1 LIMIT $2[0m  [["id", 2], ["LIMIT", 1]]
  ↳ app/controllers/products_controller.rb:6:in `show'
  Rendering products/show.html.erb
  Rendered products/show.html.erb (Duration: 0.5ms | Allocations: 191)
Completed 200 OK in 6ms (Views: 1.0ms | ActiveRecord: 0.5ms | Allocations: 2006)


Started GET "/products/2" for 127.0.0.1 at 2023-07-11 20:25:36 -0300
Processing by ProductsController#show as HTML
  Parameters: {"id"=>"2"}
  [1m[36mProduct Load (0.3ms)[0m  [1m[34mSELECT "products".* FROM "products" WHERE "products"."id" = $1 LIMIT $2[0m  [["id", 2], ["LIMIT", 1]]
  ↳ app/controllers/products_controller.rb:6:in `show'
  Rendering products/show.html.erb
  Rendered products/show.html.erb (Duration: 11.2ms | Allocations: 5290)
Completed 500 Internal Server Error in 16ms (ActiveRecord: 0.3ms | Allocations: 6733)


  
ActionView::Template::Error (undefined local variable or method `product' for #<ActionView::Base:0x000000000084d0>

  <h2>Titulo:  '.freeze;@output_buffer.append=( product.title );@output_buffer.safe_append='  </h2>
                                                ^^^^^^^
Did you mean?  @products):
    1: 
    2: <div>
    3:   <h2>Titulo:  <%= product.title %>  </h2>
    4: </div>
    5: 
    6: <div>
  
app/views/products/show.html.erb:3
Started GET "/info/routes" for 127.0.0.1 at 2023-07-11 20:30:58 -0300
  [1m[36mActiveRecord::SchemaMigration Pluck (0.5ms)[0m  [1m[34mSELECT "schema_migrations"."version" FROM "schema_migrations" ORDER BY "schema_migrations"."version" ASC[0m
  
ActionController::RoutingError (No route matches [GET] "/info/routes"):
  
Started GET "/products/1" for 127.0.0.1 at 2023-07-11 20:31:07 -0300
Processing by ProductsController#show as HTML
  Parameters: {"id"=>"1"}
  [1m[36mProduct Load (0.4ms)[0m  [1m[34mSELECT "products".* FROM "products" WHERE "products"."id" = $1 LIMIT $2[0m  [["id", 1], ["LIMIT", 1]]
  ↳ app/controllers/products_controller.rb:6:in `show'
  Rendering products/show.html.erb
  Rendered products/show.html.erb (Duration: 0.9ms | Allocations: 207)
Completed 200 OK in 34ms (Views: 2.4ms | ActiveRecord: 4.5ms | Allocations: 9516)


Started GET "/products/1" for 127.0.0.1 at 2023-07-11 20:32:23 -0300
Processing by ProductsController#show as HTML
  Parameters: {"id"=>"1"}
  [1m[36mProduct Load (0.4ms)[0m  [1m[34mSELECT "products".* FROM "products" WHERE "products"."id" = $1 LIMIT $2[0m  [["id", 1], ["LIMIT", 1]]
  ↳ app/controllers/products_controller.rb:6:in `show'
  Rendering products/show.html.erb
  Rendered products/show.html.erb (Duration: 0.7ms | Allocations: 118)
Completed 200 OK in 6ms (Views: 2.6ms | ActiveRecord: 0.4ms | Allocations: 1658)


Started GET "/products/1" for 127.0.0.1 at 2023-07-11 20:32:23 -0300
Processing by ProductsController#show as HTML
  Parameters: {"id"=>"1"}
  [1m[36mProduct Load (0.3ms)[0m  [1m[34mSELECT "products".* FROM "products" WHERE "products"."id" = $1 LIMIT $2[0m  [["id", 1], ["LIMIT", 1]]
  ↳ app/controllers/products_controller.rb:6:in `show'
  Rendering products/show.html.erb
  Rendered products/show.html.erb (Duration: 0.0ms | Allocations: 7)
Completed 200 OK in 2ms (Views: 0.4ms | ActiveRecord: 0.3ms | Allocations: 849)


Started GET "/products/1" for 127.0.0.1 at 2023-07-11 20:32:24 -0300
Processing by ProductsController#show as HTML
  Parameters: {"id"=>"1"}
  [1m[36mProduct Load (0.3ms)[0m  [1m[34mSELECT "products".* FROM "products" WHERE "products"."id" = $1 LIMIT $2[0m  [["id", 1], ["LIMIT", 1]]
  ↳ app/controllers/products_controller.rb:6:in `show'
  Rendering products/show.html.erb
  Rendered products/show.html.erb (Duration: 0.1ms | Allocations: 8)
Completed 200 OK in 3ms (Views: 0.5ms | ActiveRecord: 0.3ms | Allocations: 782)


Started GET "/products/1" for 127.0.0.1 at 2023-07-11 20:36:10 -0300
Processing by ProductsController#show as HTML
  Parameters: {"id"=>"1"}
  [1m[36mProduct Load (0.9ms)[0m  [1m[34mSELECT "products".* FROM "products" WHERE "products"."id" = $1 LIMIT $2[0m  [["id", 1], ["LIMIT", 1]]
  ↳ app/controllers/products_controller.rb:6:in `show'
  Rendering products/show.html.erb
  Rendered products/show.html.erb (Duration: 0.4ms | Allocations: 148)
Completed 200 OK in 5ms (Views: 2.0ms | ActiveRecord: 0.9ms | Allocations: 1601)


Started GET "/products/1" for 127.0.0.1 at 2023-07-11 20:36:11 -0300
Processing by ProductsController#show as HTML
  Parameters: {"id"=>"1"}
  [1m[36mProduct Load (0.4ms)[0m  [1m[34mSELECT "products".* FROM "products" WHERE "products"."id" = $1 LIMIT $2[0m  [["id", 1], ["LIMIT", 1]]
  ↳ app/controllers/products_controller.rb:6:in `show'
  Rendering products/show.html.erb
  Rendered products/show.html.erb (Duration: 0.0ms | Allocations: 8)
Completed 200 OK in 3ms (Views: 0.5ms | ActiveRecord: 0.4ms | Allocations: 850)


Started GET "/products/1" for 127.0.0.1 at 2023-07-11 20:36:11 -0300
Processing by ProductsController#show as HTML
  Parameters: {"id"=>"1"}
  [1m[36mProduct Load (0.2ms)[0m  [1m[34mSELECT "products".* FROM "products" WHERE "products"."id" = $1 LIMIT $2[0m  [["id", 1], ["LIMIT", 1]]
  ↳ app/controllers/products_controller.rb:6:in `show'
  Rendering products/show.html.erb
  Rendered products/show.html.erb (Duration: 0.0ms | Allocations: 8)
Completed 200 OK in 2ms (Views: 0.4ms | ActiveRecord: 0.2ms | Allocations: 762)


Started GET "/products/1" for 127.0.0.1 at 2023-07-11 20:36:12 -0300
Processing by ProductsController#show as HTML
  Parameters: {"id"=>"1"}
  [1m[36mProduct Load (0.2ms)[0m  [1m[34mSELECT "products".* FROM "products" WHERE "products"."id" = $1 LIMIT $2[0m  [["id", 1], ["LIMIT", 1]]
  ↳ app/controllers/products_controller.rb:6:in `show'
  Rendering products/show.html.erb
  Rendered products/show.html.erb (Duration: 0.0ms | Allocations: 8)
Completed 200 OK in 2ms (Views: 0.8ms | ActiveRecord: 0.2ms | Allocations: 763)


Started GET "/products/1" for 127.0.0.1 at 2023-07-11 20:36:12 -0300
Processing by ProductsController#show as HTML
  Parameters: {"id"=>"1"}
  [1m[36mProduct Load (0.2ms)[0m  [1m[34mSELECT "products".* FROM "products" WHERE "products"."id" = $1 LIMIT $2[0m  [["id", 1], ["LIMIT", 1]]
  ↳ app/controllers/products_controller.rb:6:in `show'
  Rendering products/show.html.erb
  Rendered products/show.html.erb (Duration: 0.0ms | Allocations: 8)
Completed 200 OK in 2ms (Views: 0.5ms | ActiveRecord: 0.2ms | Allocations: 762)


Started GET "/products/1" for 127.0.0.1 at 2023-07-11 20:36:12 -0300
Processing by ProductsController#show as HTML
  Parameters: {"id"=>"1"}
  [1m[36mProduct Load (0.2ms)[0m  [1m[34mSELECT "products".* FROM "products" WHERE "products"."id" = $1 LIMIT $2[0m  [["id", 1], ["LIMIT", 1]]
  ↳ app/controllers/products_controller.rb:6:in `show'
  Rendering products/show.html.erb
  Rendered products/show.html.erb (Duration: 0.0ms | Allocations: 8)
Completed 200 OK in 2ms (Views: 0.5ms | ActiveRecord: 0.2ms | Allocations: 762)


Started GET "/products/1" for 127.0.0.1 at 2023-07-11 20:36:12 -0300
Processing by ProductsController#show as HTML
  Parameters: {"id"=>"1"}
  [1m[36mProduct Load (0.2ms)[0m  [1m[34mSELECT "products".* FROM "products" WHERE "products"."id" = $1 LIMIT $2[0m  [["id", 1], ["LIMIT", 1]]
  ↳ app/controllers/products_controller.rb:6:in `show'
  Rendering products/show.html.erb
  Rendered products/show.html.erb (Duration: 0.1ms | Allocations: 8)
Completed 200 OK in 2ms (Views: 0.5ms | ActiveRecord: 0.2ms | Allocations: 762)


Started GET "/products/1" for 127.0.0.1 at 2023-07-11 20:36:12 -0300
Processing by ProductsController#show as HTML
  Parameters: {"id"=>"1"}
  [1m[36mProduct Load (0.2ms)[0m  [1m[34mSELECT "products".* FROM "products" WHERE "products"."id" = $1 LIMIT $2[0m  [["id", 1], ["LIMIT", 1]]
  ↳ app/controllers/products_controller.rb:6:in `show'
  Rendering products/show.html.erb
  Rendered products/show.html.erb (Duration: 0.0ms | Allocations: 8)
Completed 200 OK in 2ms (Views: 0.5ms | ActiveRecord: 0.2ms | Allocations: 762)


Started GET "/products/1" for 127.0.0.1 at 2023-07-11 20:36:13 -0300
Processing by ProductsController#show as HTML
  Parameters: {"id"=>"1"}
  [1m[36mProduct Load (0.2ms)[0m  [1m[34mSELECT "products".* FROM "products" WHERE "products"."id" = $1 LIMIT $2[0m  [["id", 1], ["LIMIT", 1]]
  ↳ app/controllers/products_controller.rb:6:in `show'
  Rendering products/show.html.erb
  Rendered products/show.html.erb (Duration: 0.0ms | Allocations: 9)
Completed 200 OK in 2ms (Views: 0.4ms | ActiveRecord: 0.2ms | Allocations: 783)


Started GET "/products/1" for 127.0.0.1 at 2023-07-11 20:41:29 -0300
Processing by ProductsController#show as HTML
  Parameters: {"id"=>"1"}
  [1m[36mProduct Load (0.5ms)[0m  [1m[34mSELECT "products".* FROM "products" WHERE "products"."id" = $1 LIMIT $2[0m  [["id", 1], ["LIMIT", 1]]
  ↳ app/controllers/products_controller.rb:6:in `show'
  Rendering products/show.html.erb
  Rendered products/show.html.erb (Duration: 9.2ms | Allocations: 6394)
Completed 500 Internal Server Error in 14ms (ActiveRecord: 0.5ms | Allocations: 7841)


  
ActionView::Template::Error (undefined method `each' for #<Product id: 1, title: "salame", description: "aumado", value: 199, created_at: "2023-07-11 22:14:36.011473000 +0000", updated_at: "2023-07-11 22:14:36.011473000 +0000">):
    1: <% @products.each do |product| %>
    2:   <h2> <% product.title %> </h2>
    3:   
    4: <% end %>
  
app/views/products/show.html.erb:1
Started GET "/products/2" for 127.0.0.1 at 2023-07-11 20:41:44 -0300
Processing by ProductsController#show as HTML
  Parameters: {"id"=>"2"}
  [1m[36mProduct Load (0.3ms)[0m  [1m[34mSELECT "products".* FROM "products" WHERE "products"."id" = $1 LIMIT $2[0m  [["id", 2], ["LIMIT", 1]]
  ↳ app/controllers/products_controller.rb:6:in `show'
  Rendering products/show.html.erb
  Rendered products/show.html.erb (Duration: 7.1ms | Allocations: 4287)
Completed 500 Internal Server Error in 11ms (ActiveRecord: 0.3ms | Allocations: 5105)


  
ActionView::Template::Error (undefined method `each' for #<Product id: 2, title: "jamon aumado", description: "aumado con roble", value: 200, created_at: "2023-07-11 23:23:49.116809000 +0000", updated_at: "2023-07-11 23:23:49.116809000 +0000">):
    1: <% @products.each do |product| %>
    2:   <h2> <% product.title %> </h2>
    3:   
    4: <% end %>
  
app/views/products/show.html.erb:1
Started GET "/products/2" for 127.0.0.1 at 2023-07-11 20:43:41 -0300
Processing by ProductsController#show as HTML
  Parameters: {"id"=>"2"}
  [1m[36mProduct Load (0.3ms)[0m  [1m[34mSELECT "products".* FROM "products" WHERE "products"."id" = $1 LIMIT $2[0m  [["id", 2], ["LIMIT", 1]]
  ↳ app/controllers/products_controller.rb:6:in `show'
  Rendering products/show.html.erb
  Rendered products/show.html.erb (Duration: 0.6ms | Allocations: 133)
Completed 200 OK in 11ms (Views: 2.0ms | ActiveRecord: 2.9ms | Allocations: 4461)


Started GET "/products/2" for 127.0.0.1 at 2023-07-11 20:43:59 -0300
Processing by ProductsController#show as HTML
  Parameters: {"id"=>"2"}
  [1m[36mProduct Load (0.5ms)[0m  [1m[34mSELECT "products".* FROM "products" WHERE "products"."id" = $1 LIMIT $2[0m  [["id", 2], ["LIMIT", 1]]
  ↳ app/controllers/products_controller.rb:6:in `show'
  Rendering products/show.html.erb
  Rendered products/show.html.erb (Duration: 1.2ms | Allocations: 136)
Completed 200 OK in 7ms (Views: 3.4ms | ActiveRecord: 0.5ms | Allocations: 1651)


Started GET "/products/2" for 127.0.0.1 at 2023-07-11 20:43:59 -0300
Processing by ProductsController#show as HTML
  Parameters: {"id"=>"2"}
  [1m[36mProduct Load (0.3ms)[0m  [1m[34mSELECT "products".* FROM "products" WHERE "products"."id" = $1 LIMIT $2[0m  [["id", 2], ["LIMIT", 1]]
  ↳ app/controllers/products_controller.rb:6:in `show'
  Rendering products/show.html.erb
  Rendered products/show.html.erb (Duration: 0.0ms | Allocations: 8)
Completed 200 OK in 3ms (Views: 0.5ms | ActiveRecord: 0.3ms | Allocations: 850)


Started GET "/products/2" for 127.0.0.1 at 2023-07-11 20:44:20 -0300
Processing by ProductsController#show as HTML
  Parameters: {"id"=>"2"}
  [1m[36mProduct Load (0.3ms)[0m  [1m[34mSELECT "products".* FROM "products" WHERE "products"."id" = $1 LIMIT $2[0m  [["id", 2], ["LIMIT", 1]]
  ↳ app/controllers/products_controller.rb:6:in `show'
  Rendering products/show.html.erb
  Rendered products/show.html.erb (Duration: 0.7ms | Allocations: 146)
Completed 200 OK in 5ms (Views: 2.4ms | ActiveRecord: 0.3ms | Allocations: 1578)


Started GET "/products/2" for 127.0.0.1 at 2023-07-11 20:44:21 -0300
Processing by ProductsController#show as HTML
  Parameters: {"id"=>"2"}
  [1m[36mProduct Load (0.2ms)[0m  [1m[34mSELECT "products".* FROM "products" WHERE "products"."id" = $1 LIMIT $2[0m  [["id", 2], ["LIMIT", 1]]
  ↳ app/controllers/products_controller.rb:6:in `show'
  Rendering products/show.html.erb
  Rendered products/show.html.erb (Duration: 0.1ms | Allocations: 8)
Completed 200 OK in 2ms (Views: 0.6ms | ActiveRecord: 0.2ms | Allocations: 850)


Started GET "/products/2" for 127.0.0.1 at 2023-07-11 20:44:21 -0300
Processing by ProductsController#show as HTML
  Parameters: {"id"=>"2"}
  [1m[36mProduct Load (0.3ms)[0m  [1m[34mSELECT "products".* FROM "products" WHERE "products"."id" = $1 LIMIT $2[0m  [["id", 2], ["LIMIT", 1]]
  ↳ app/controllers/products_controller.rb:6:in `show'
  Rendering products/show.html.erb
  Rendered products/show.html.erb (Duration: 0.1ms | Allocations: 8)
Completed 200 OK in 3ms (Views: 0.8ms | ActiveRecord: 0.3ms | Allocations: 762)


Started GET "/products/2" for 127.0.0.1 at 2023-07-11 20:44:21 -0300
Processing by ProductsController#show as HTML
  Parameters: {"id"=>"2"}
  [1m[36mProduct Load (0.3ms)[0m  [1m[34mSELECT "products".* FROM "products" WHERE "products"."id" = $1 LIMIT $2[0m  [["id", 2], ["LIMIT", 1]]
  ↳ app/controllers/products_controller.rb:6:in `show'
  Rendering products/show.html.erb
  Rendered products/show.html.erb (Duration: 0.1ms | Allocations: 8)
Completed 200 OK in 3ms (Views: 0.8ms | ActiveRecord: 0.3ms | Allocations: 762)


Started GET "/products/2" for 127.0.0.1 at 2023-07-11 20:45:32 -0300
Processing by ProductsController#show as HTML
  Parameters: {"id"=>"2"}
  [1m[36mProduct Load (0.3ms)[0m  [1m[34mSELECT "products".* FROM "products" WHERE "products"."id" = $1 LIMIT $2[0m  [["id", 2], ["LIMIT", 1]]
  ↳ app/controllers/products_controller.rb:6:in `show'
  Rendering products/show.html.erb
  Rendered products/show.html.erb (Duration: 0.6ms | Allocations: 147)
Completed 200 OK in 4ms (Views: 2.0ms | ActiveRecord: 0.3ms | Allocations: 1575)


Started GET "/products/2" for 127.0.0.1 at 2023-07-11 20:46:01 -0300
Processing by ProductsController#show as HTML
  Parameters: {"id"=>"2"}
  [1m[36mProduct Load (0.2ms)[0m  [1m[34mSELECT "products".* FROM "products" WHERE "products"."id" = $1 LIMIT $2[0m  [["id", 2], ["LIMIT", 1]]
  ↳ app/controllers/products_controller.rb:6:in `show'
  Rendering products/show.html.erb
  Rendered products/show.html.erb (Duration: 0.6ms | Allocations: 166)
Completed 200 OK in 4ms (Views: 2.3ms | ActiveRecord: 0.2ms | Allocations: 1682)


Started GET "/products/2" for 127.0.0.1 at 2023-07-11 20:47:01 -0300
Processing by ProductsController#show as HTML
  Parameters: {"id"=>"2"}
  [1m[36mProduct Load (0.2ms)[0m  [1m[34mSELECT "products".* FROM "products" WHERE "products"."id" = $1 LIMIT $2[0m  [["id", 2], ["LIMIT", 1]]
  ↳ app/controllers/products_controller.rb:6:in `show'
  Rendering products/show.html.erb
  Rendered products/show.html.erb (Duration: 0.5ms | Allocations: 181)
Completed 200 OK in 4ms (Views: 1.7ms | ActiveRecord: 0.2ms | Allocations: 1697)


Started GET "/products/2" for 127.0.0.1 at 2023-07-11 20:47:12 -0300
Processing by ProductsController#show as HTML
  Parameters: {"id"=>"2"}
  [1m[36mProduct Load (0.2ms)[0m  [1m[34mSELECT "products".* FROM "products" WHERE "products"."id" = $1 LIMIT $2[0m  [["id", 2], ["LIMIT", 1]]
  ↳ app/controllers/products_controller.rb:6:in `show'
  Rendering products/show.html.erb
  Rendered products/show.html.erb (Duration: 0.6ms | Allocations: 178)
Completed 200 OK in 4ms (Views: 2.2ms | ActiveRecord: 0.2ms | Allocations: 1694)


Started GET "/" for 127.0.0.1 at 2023-07-12 17:16:48 -0300
  
ActiveRecord::ConnectionNotEstablished (connection to server on socket "/var/run/postgresql/.s.PGSQL.5432" failed: No such file or directory
	Is the server running locally and accepting connections on that socket?
):
  
activerecord (7.0.6) lib/active_record/connection_adapters/postgresql_adapter.rb:87:in `rescue in new_client'
activerecord (7.0.6) lib/active_record/connection_adapters/postgresql_adapter.rb:77:in `new_client'
activerecord (7.0.6) lib/active_record/connection_adapters/postgresql_adapter.rb:37:in `postgresql_connection'
activerecord (7.0.6) lib/active_record/connection_adapters/abstract/connection_pool.rb:656:in `public_send'
activerecord (7.0.6) lib/active_record/connection_adapters/abstract/connection_pool.rb:656:in `new_connection'
activerecord (7.0.6) lib/active_record/connection_adapters/abstract/connection_pool.rb:700:in `checkout_new_connection'
activerecord (7.0.6) lib/active_record/connection_adapters/abstract/connection_pool.rb:679:in `try_to_checkout_new_connection'
activerecord (7.0.6) lib/active_record/connection_adapters/abstract/connection_pool.rb:640:in `acquire_connection'
activerecord (7.0.6) lib/active_record/connection_adapters/abstract/connection_pool.rb:341:in `checkout'
activerecord (7.0.6) lib/active_record/connection_adapters/abstract/connection_pool.rb:181:in `connection'
activerecord (7.0.6) lib/active_record/connection_adapters/abstract/connection_handler.rb:211:in `retrieve_connection'
activerecord (7.0.6) lib/active_record/connection_handling.rb:313:in `retrieve_connection'
activerecord (7.0.6) lib/active_record/connection_handling.rb:280:in `connection'
activerecord (7.0.6) lib/active_record/migration.rb:613:in `connection'
activerecord (7.0.6) lib/active_record/migration.rb:608:in `build_watcher'
activerecord (7.0.6) lib/active_record/migration.rb:590:in `block in call'
activerecord (7.0.6) lib/active_record/migration.rb:589:in `synchronize'
activerecord (7.0.6) lib/active_record/migration.rb:589:in `call'
actionpack (7.0.6) lib/action_dispatch/middleware/callbacks.rb:27:in `block in call'
activesupport (7.0.6) lib/active_support/callbacks.rb:99:in `run_callbacks'
actionpack (7.0.6) lib/action_dispatch/middleware/callbacks.rb:26:in `call'
actionpack (7.0.6) lib/action_dispatch/middleware/executor.rb:14:in `call'
actionpack (7.0.6) lib/action_dispatch/middleware/actionable_exceptions.rb:17:in `call'
actionpack (7.0.6) lib/action_dispatch/middleware/debug_exceptions.rb:28:in `call'
actionpack (7.0.6) lib/action_dispatch/middleware/show_exceptions.rb:29:in `call'
railties (7.0.6) lib/rails/rack/logger.rb:40:in `call_app'
railties (7.0.6) lib/rails/rack/logger.rb:25:in `block in call'
activesupport (7.0.6) lib/active_support/tagged_logging.rb:99:in `block in tagged'
activesupport (7.0.6) lib/active_support/tagged_logging.rb:37:in `tagged'
activesupport (7.0.6) lib/active_support/tagged_logging.rb:99:in `tagged'
railties (7.0.6) lib/rails/rack/logger.rb:25:in `call'
actionpack (7.0.6) lib/action_dispatch/middleware/remote_ip.rb:93:in `call'
actionpack (7.0.6) lib/action_dispatch/middleware/request_id.rb:26:in `call'
rack (2.2.7) lib/rack/runtime.rb:22:in `call'
activesupport (7.0.6) lib/active_support/cache/strategy/local_cache_middleware.rb:29:in `call'
actionpack (7.0.6) lib/action_dispatch/middleware/server_timing.rb:61:in `block in call'
actionpack (7.0.6) lib/action_dispatch/middleware/server_timing.rb:26:in `collect_events'
actionpack (7.0.6) lib/action_dispatch/middleware/server_timing.rb:60:in `call'
actionpack (7.0.6) lib/action_dispatch/middleware/executor.rb:14:in `call'
actionpack (7.0.6) lib/action_dispatch/middleware/static.rb:23:in `call'
rack (2.2.7) lib/rack/sendfile.rb:110:in `call'
actionpack (7.0.6) lib/action_dispatch/middleware/host_authorization.rb:137:in `call'
railties (7.0.6) lib/rails/engine.rb:530:in `call'
puma (5.6.6) lib/puma/configuration.rb:252:in `call'
puma (5.6.6) lib/puma/request.rb:77:in `block in handle_request'
puma (5.6.6) lib/puma/thread_pool.rb:340:in `with_force_shutdown'
puma (5.6.6) lib/puma/request.rb:76:in `handle_request'
puma (5.6.6) lib/puma/server.rb:443:in `process_client'
puma (5.6.6) lib/puma/thread_pool.rb:147:in `block in spawn_thread'
Started GET "/favicon.ico" for 127.0.0.1 at 2023-07-12 17:16:48 -0300
  
ActiveRecord::ConnectionNotEstablished (connection to server on socket "/var/run/postgresql/.s.PGSQL.5432" failed: No such file or directory
	Is the server running locally and accepting connections on that socket?
):
  
activerecord (7.0.6) lib/active_record/connection_adapters/postgresql_adapter.rb:87:in `rescue in new_client'
activerecord (7.0.6) lib/active_record/connection_adapters/postgresql_adapter.rb:77:in `new_client'
activerecord (7.0.6) lib/active_record/connection_adapters/postgresql_adapter.rb:37:in `postgresql_connection'
activerecord (7.0.6) lib/active_record/connection_adapters/abstract/connection_pool.rb:656:in `public_send'
activerecord (7.0.6) lib/active_record/connection_adapters/abstract/connection_pool.rb:656:in `new_connection'
activerecord (7.0.6) lib/active_record/connection_adapters/abstract/connection_pool.rb:700:in `checkout_new_connection'
activerecord (7.0.6) lib/active_record/connection_adapters/abstract/connection_pool.rb:679:in `try_to_checkout_new_connection'
activerecord (7.0.6) lib/active_record/connection_adapters/abstract/connection_pool.rb:640:in `acquire_connection'
activerecord (7.0.6) lib/active_record/connection_adapters/abstract/connection_pool.rb:341:in `checkout'
activerecord (7.0.6) lib/active_record/connection_adapters/abstract/connection_pool.rb:181:in `connection'
activerecord (7.0.6) lib/active_record/connection_adapters/abstract/connection_handler.rb:211:in `retrieve_connection'
activerecord (7.0.6) lib/active_record/connection_handling.rb:313:in `retrieve_connection'
activerecord (7.0.6) lib/active_record/connection_handling.rb:280:in `connection'
activerecord (7.0.6) lib/active_record/migration.rb:613:in `connection'
activerecord (7.0.6) lib/active_record/migration.rb:608:in `build_watcher'
activerecord (7.0.6) lib/active_record/migration.rb:590:in `block in call'
activerecord (7.0.6) lib/active_record/migration.rb:589:in `synchronize'
activerecord (7.0.6) lib/active_record/migration.rb:589:in `call'
actionpack (7.0.6) lib/action_dispatch/middleware/callbacks.rb:27:in `block in call'
activesupport (7.0.6) lib/active_support/callbacks.rb:99:in `run_callbacks'
actionpack (7.0.6) lib/action_dispatch/middleware/callbacks.rb:26:in `call'
actionpack (7.0.6) lib/action_dispatch/middleware/executor.rb:14:in `call'
actionpack (7.0.6) lib/action_dispatch/middleware/actionable_exceptions.rb:17:in `call'
actionpack (7.0.6) lib/action_dispatch/middleware/debug_exceptions.rb:28:in `call'
actionpack (7.0.6) lib/action_dispatch/middleware/show_exceptions.rb:29:in `call'
railties (7.0.6) lib/rails/rack/logger.rb:40:in `call_app'
railties (7.0.6) lib/rails/rack/logger.rb:25:in `block in call'
activesupport (7.0.6) lib/active_support/tagged_logging.rb:99:in `block in tagged'
activesupport (7.0.6) lib/active_support/tagged_logging.rb:37:in `tagged'
activesupport (7.0.6) lib/active_support/tagged_logging.rb:99:in `tagged'
railties (7.0.6) lib/rails/rack/logger.rb:25:in `call'
actionpack (7.0.6) lib/action_dispatch/middleware/remote_ip.rb:93:in `call'
actionpack (7.0.6) lib/action_dispatch/middleware/request_id.rb:26:in `call'
rack (2.2.7) lib/rack/runtime.rb:22:in `call'
activesupport (7.0.6) lib/active_support/cache/strategy/local_cache_middleware.rb:29:in `call'
actionpack (7.0.6) lib/action_dispatch/middleware/server_timing.rb:61:in `block in call'
actionpack (7.0.6) lib/action_dispatch/middleware/server_timing.rb:26:in `collect_events'
actionpack (7.0.6) lib/action_dispatch/middleware/server_timing.rb:60:in `call'
actionpack (7.0.6) lib/action_dispatch/middleware/executor.rb:14:in `call'
actionpack (7.0.6) lib/action_dispatch/middleware/static.rb:23:in `call'
rack (2.2.7) lib/rack/sendfile.rb:110:in `call'
actionpack (7.0.6) lib/action_dispatch/middleware/host_authorization.rb:137:in `call'
railties (7.0.6) lib/rails/engine.rb:530:in `call'
puma (5.6.6) lib/puma/configuration.rb:252:in `call'
puma (5.6.6) lib/puma/request.rb:77:in `block in handle_request'
puma (5.6.6) lib/puma/thread_pool.rb:340:in `with_force_shutdown'
puma (5.6.6) lib/puma/request.rb:76:in `handle_request'
puma (5.6.6) lib/puma/server.rb:443:in `process_client'
puma (5.6.6) lib/puma/thread_pool.rb:147:in `block in spawn_thread'
Started GET "/" for 127.0.0.1 at 2023-07-12 17:18:03 -0300
  [1m[36mActiveRecord::SchemaMigration Pluck (1.7ms)[0m  [1m[34mSELECT "schema_migrations"."version" FROM "schema_migrations" ORDER BY "schema_migrations"."version" ASC[0m
Processing by Rails::WelcomeController#index as HTML
  Rendering /home/steel/.rvm/gems/ruby-3.1.2/gems/railties-7.0.6/lib/rails/templates/rails/welcome/index.html.erb
  Rendered /home/steel/.rvm/gems/ruby-3.1.2/gems/railties-7.0.6/lib/rails/templates/rails/welcome/index.html.erb (Duration: 1.5ms | Allocations: 529)
Completed 200 OK in 13ms (Views: 3.4ms | ActiveRecord: 0.0ms | Allocations: 4319)


Started GET "/products/1" for 127.0.0.1 at 2023-07-12 17:18:09 -0300
Processing by ProductsController#show as HTML
  Parameters: {"id"=>"1"}
  [1m[36mProduct Load (1.3ms)[0m  [1m[34mSELECT "products".* FROM "products" WHERE "products"."id" = $1 LIMIT $2[0m  [["id", 1], ["LIMIT", 1]]
  ↳ app/controllers/products_controller.rb:6:in `show'
  Rendering products/show.html.erb
  Rendered products/show.html.erb (Duration: 0.7ms | Allocations: 199)
Completed 200 OK in 30ms (Views: 2.8ms | ActiveRecord: 6.4ms | Allocations: 8632)


Started GET "/favicon.ico" for 127.0.0.1 at 2023-07-12 17:18:09 -0300
  
ActionController::RoutingError (No route matches [GET] "/favicon.ico"):
  
Started GET "/products/" for 127.0.0.1 at 2023-07-12 17:18:14 -0300
Processing by ProductsController#index as HTML
  Rendering products/index.html.erb
  [1m[36mProduct Load (0.9ms)[0m  [1m[34mSELECT "products".* FROM "products"[0m
  ↳ app/views/products/index.html.erb:4
  Rendered products/index.html.erb (Duration: 4.6ms | Allocations: 1167)
Completed 200 OK in 6ms (Views: 4.9ms | ActiveRecord: 0.9ms | Allocations: 1568)


Started GET "/products/" for 127.0.0.1 at 2023-07-12 17:22:48 -0300
Processing by ProductsController#index as HTML
  Rendering products/index.html.erb
  [1m[36mProduct Load (0.3ms)[0m  [1m[34mSELECT "products".* FROM "products"[0m
  ↳ app/views/products/index.html.erb:4
  Rendered products/index.html.erb (Duration: 2.6ms | Allocations: 752)
Completed 200 OK in 4ms (Views: 2.8ms | ActiveRecord: 0.3ms | Allocations: 1044)


Started GET "/products/" for 127.0.0.1 at 2023-07-12 17:24:34 -0300
Processing by ProductsController#index as HTML
  Rendering products/index.html.erb
  [1m[36mProduct Load (0.3ms)[0m  [1m[34mSELECT "products".* FROM "products"[0m
  ↳ app/views/products/index.html.erb:4
  Rendered products/index.html.erb (Duration: 2.6ms | Allocations: 1133)
Completed 200 OK in 5ms (Views: 4.5ms | ActiveRecord: 0.3ms | Allocations: 2062)


Started GET "/products/" for 127.0.0.1 at 2023-07-12 17:24:42 -0300
  [1m[36mActiveRecord::SchemaMigration Pluck (0.5ms)[0m  [1m[34mSELECT "schema_migrations"."version" FROM "schema_migrations" ORDER BY "schema_migrations"."version" ASC[0m
Processing by ProductsController#index as HTML
  Rendering products/index.html.erb
  [1m[36mProduct Load (0.4ms)[0m  [1m[34mSELECT "products".* FROM "products"[0m
  ↳ app/views/products/index.html.erb:4
  Rendered products/index.html.erb (Duration: 15.7ms | Allocations: 6437)
Completed 200 OK in 26ms (Views: 14.5ms | ActiveRecord: 3.6ms | Allocations: 11407)


Started GET "/products/" for 127.0.0.1 at 2023-07-12 17:25:43 -0300
Processing by ProductsController#index as HTML
  Rendering products/index.html.erb
  [1m[36mProduct Load (0.3ms)[0m  [1m[34mSELECT "products".* FROM "products"[0m
  ↳ app/views/products/index.html.erb:4
  Rendered products/index.html.erb (Duration: 2.7ms | Allocations: 1144)
Completed 200 OK in 5ms (Views: 3.6ms | ActiveRecord: 0.3ms | Allocations: 2138)


Started GET "/products/" for 127.0.0.1 at 2023-07-12 17:26:26 -0300
Processing by ProductsController#index as HTML
  Rendering layout layouts/application.html.erb
  Rendering products/index.html.erb within layouts/application
  [1m[36mProduct Load (0.9ms)[0m  [1m[34mSELECT "products".* FROM "products"[0m
  ↳ app/views/products/index.html.erb:4
  Rendered products/index.html.erb within layouts/application (Duration: 6.3ms | Allocations: 1144)
  Rendered layout layouts/application.html.erb (Duration: 8.3ms | Allocations: 1438)
Completed 200 OK in 11ms (Views: 9.1ms | ActiveRecord: 0.9ms | Allocations: 2364)


Started GET "/products/" for 127.0.0.1 at 2023-07-12 17:27:05 -0300
Processing by ProductsController#index as HTML
  Rendering layout layouts/application.html.erb
  Rendering products/index.html.erb within layouts/application
  [1m[36mProduct Load (0.3ms)[0m  [1m[34mSELECT "products".* FROM "products"[0m
  ↳ app/views/products/index.html.erb:4
  Rendered products/index.html.erb within layouts/application (Duration: 3.3ms | Allocations: 732)
  Rendered layout layouts/application.html.erb (Duration: 3.7ms | Allocations: 827)
Completed 200 OK in 5ms (Views: 4.0ms | ActiveRecord: 0.3ms | Allocations: 1115)


Started GET "/products/" for 127.0.0.1 at 2023-07-12 17:33:48 -0300
Processing by ProductsController#index as HTML
  Rendering layout layouts/application.html.erb
  Rendering products/index.html.erb within layouts/application
  [1m[36mProduct Load (0.7ms)[0m  [1m[34mSELECT "products".* FROM "products"[0m
  ↳ app/views/products/index.html.erb:4
  Rendered products/index.html.erb within layouts/application (Duration: 98.6ms | Allocations: 4154)
  Rendered shared/_header.html.erb (Duration: 0.5ms | Allocations: 102)
  Rendered layout layouts/application.html.erb (Duration: 102.0ms | Allocations: 4916)
Completed 200 OK in 124ms (Views: 122.6ms | ActiveRecord: 16.0ms | Allocations: 5775)


Started GET "/stylesheets/application.css" for 127.0.0.1 at 2023-07-12 17:33:49 -0300
  
ActionController::RoutingError (No route matches [GET] "/stylesheets/application.css"):
  
Started GET "/stylesheets/data-turbo-track.css" for 127.0.0.1 at 2023-07-12 17:33:49 -0300
Started GET "/stylesheets/reload.css" for 127.0.0.1 at 2023-07-12 17:33:49 -0300
  
ActionController::RoutingError (No route matches [GET] "/stylesheets/data-turbo-track.css"):
  
  
ActionController::RoutingError (No route matches [GET] "/stylesheets/reload.css"):
  
Started GET "/products/" for 127.0.0.1 at 2023-07-12 17:33:50 -0300
Processing by ProductsController#index as HTML
  Rendering layout layouts/application.html.erb
  Rendering products/index.html.erb within layouts/application
  [1m[36mProduct Load (0.5ms)[0m  [1m[34mSELECT "products".* FROM "products"[0m
  ↳ app/views/products/index.html.erb:4
  Rendered products/index.html.erb within layouts/application (Duration: 3.9ms | Allocations: 725)
  Rendered shared/_header.html.erb (Duration: 0.1ms | Allocations: 9)
  Rendered layout layouts/application.html.erb (Duration: 5.4ms | Allocations: 1033)
Completed 200 OK in 8ms (Views: 6.7ms | ActiveRecord: 0.5ms | Allocations: 1311)


Started GET "/stylesheets/application.css" for 127.0.0.1 at 2023-07-12 17:33:50 -0300
Started GET "/stylesheets/reload.css" for 127.0.0.1 at 2023-07-12 17:33:50 -0300
Started GET "/stylesheets/data-turbo-track.css" for 127.0.0.1 at 2023-07-12 17:33:50 -0300
  
ActionController::RoutingError (No route matches [GET] "/stylesheets/application.css"):
  
  
ActionController::RoutingError (No route matches [GET] "/stylesheets/data-turbo-track.css"):
  
  
ActionController::RoutingError (No route matches [GET] "/stylesheets/reload.css"):
  
